Agent 0 - score 2 1
Agent 0 - score -3 2
Agent 0 - score -2 3
Agent 0 - score -5 4
Agent 0 - score -5 5
Agent 0 - score 1 6
Agent 0 - score -2 7
Agent 0 - score -4 8
Agent 0 - score -5 9
Agent 0 - score -5 10
Agent 0 - score 1 11
Agent 0 - score -3 12
Agent 0 - score -3 13
Agent 0 - score -6 14
Agent 0 - score -3 15
Agent 0 - score -5 16
Agent 0 - score 1 17
Agent 0 - score -6 18
Agent 0 - score -5 19
Agent 0 - score -6 20
Agent 0 - score -4 21
Agent 0 - score -4 22
Agent 0 - score -5 23
Agent 0 - score 1 24
Agent 0 - score -3 25
Agent 0 - score 1 26
Agent 0 - score -6 27
Agent 0 - score -4 28
Agent 0 - score -4 29
Agent 0 - score -3 30
Agent 0 - score 2 31
Agent 0 - score -4 32
Agent 0 - score -4 33
Agent 0 - score -2 34
Agent 0 - score -1 35
Agent 0 - score -5 36
Agent 0 - score -2 37
Agent 0 - score -6 38
Agent 0 - score -1 39
Agent 0 - score -5 40
Agent 0 - score -6 41
Agent 0 - score -5 42
Agent 0 - score -2 43
Agent 0 - score -5 44
Agent 0 - score -5 45
Agent 0 - score 1 46
Agent 0 - score 1 47
Agent 0 - score -4 48
Agent 0 - score -6 49
Agent 0 - score -6 50
Agent 0 - score -3 51
Agent 0 - score -1 52
Agent 0 - score -3 53
Agent 0 - score -4 54
Agent 0 - score -1 55
Agent 0 - score 4 56
Agent 0 - score -2 57
Agent 0 - score -1 58
Agent 0 - score -6 59
Agent 0 - score -2 60
Agent 0 - score -4 61
Agent 0 - score 1 62
Agent 0 - score -2 63
Agent 0 - score -3 64
Agent 0 - score -6 65
Agent 0 - score -6 66
Agent 0 - score -4 67
Agent 0 - score -6 68
Agent 0 - score -2 69
Agent 0 - score -5 70
Agent 0 - score -1 71
Agent 0 - score -3 72
Agent 0 - score -2 73
Agent 0 - score -5 74
Agent 0 - score -3 75
Agent 0 - score -1 76
Agent 0 - score -6 77
Agent 0 - score -2 78
Agent 0 - score -1 79
Agent 0 - score 1 80
Agent 0 - score -6 81
Agent 0 - score -2 82
Agent 0 - score -1 83
Agent 0 - score -3 84
Agent 0 - score -6 85
Agent 1 - score -3 1
Agent 0 - score -3 86
Agent 1 - score 1 2
Agent 0 - score -4 87
Agent 1 - score -3 3
Agent 0 - score -4 88
Agent 1 - score 1 4
Agent 0 - score -2 89
Agent 1 - score -3 5
Agent 0 - score -3 90
Agent 1 - score -4 6
Agent 0 - score -6 91
Agent 1 - score -1 7
Agent 0 - score -2 92
Agent 1 - score -3 8
Agent 0 - score 1 93
Agent 1 - score -6 9
Agent 0 - score -3 94
Agent 1 - score -4 10
Agent 0 - score -5 95
Agent 1 - score -3 11
Agent 0 - score -2 96
Agent 1 - score -1 12
Agent 0 - score -1 97
Agent 1 - score -3 13
Agent 0 - score -1 98
Agent 1 - score -1 14
Agent 0 - score -4 99
Agent 1 - score -4 15
Agent 0 - score -1 100
Agent 1 - score -4 16
Agent 0 - score -1 101
Agent 1 - score -4 17
Agent 0 - score -5 102
Agent 1 - score -1 18
Agent 0 - score -6 103
Agent 1 - score -2 19
Agent 0 - score -6 104
Agent 1 - score -3 20
Agent 0 - score 2 105
Agent 0 - score 1 106
Agent 1 - score -3 21
Agent 0 - score -5 107
Agent 1 - score -1 22
Agent 0 - score -6 108
Agent 1 - score -3 23
Agent 0 - score -4 109
Agent 1 - score -1 24
Agent 0 - score -1 110
Agent 1 - score -3 25
Agent 0 - score -2 111
Agent 1 - score -3 26
Agent 0 - score -2 112
Agent 1 - score -3 27
Agent 0 - score -1 113
Agent 1 - score -1 28
Agent 0 - score 2 114
Agent 1 - score -1 29
Agent 0 - score -1 115
Agent 1 - score -2 30
Agent 1 - score 1 31
Agent 0 - score -4 116
Agent 1 - score -3 32
Agent 0 - score -4 117
Agent 0 - score -5 118
Agent 1 - score -1 33
Agent 0 - score -4 119
Agent 1 - score -4 34
Agent 0 - score -3 120
Agent 1 - score -4 35
Agent 0 - score -2 121
Agent 1 - score -6 36
Agent 0 - score -4 122
Agent 1 - score -5 37
Agent 1 - score 1 38
Agent 0 - score -3 123
Agent 0 - score -1 124
Agent 1 - score -2 39
Agent 0 - score 1 125
Agent 1 - score -1 40
Agent 0 - score -1 126
Agent 1 - score -1 41
Agent 0 - score -3 127
Agent 1 - score -5 42
Agent 0 - score -3 128
Agent 1 - score -3 43
Agent 0 - score -6 129
Agent 1 - score 3 44
Agent 0 - score -3 130
Agent 1 - score -5 45
Agent 0 - score 3 131
Agent 1 - score -1 46
Agent 0 - score -3 132
Agent 1 - score -4 47
Agent 0 - score -5 133
Agent 1 - score -5 48
Agent 0 - score -3 134
Agent 1 - score -4 49
Agent 0 - score -4 135
Agent 1 - score 1 50
Agent 0 - score 1 136
Agent 1 - score -3 51
Agent 0 - score -1 137
Agent 1 - score -4 52
Agent 0 - score -6 138
Agent 1 - score -2 53
Agent 0 - score -3 139
Agent 1 - score -1 54
Agent 0 - score -6 140
Agent 1 - score -2 55
Agent 0 - score -3 141
Agent 1 - score 3 56
Agent 0 - score -1 142
Agent 1 - score -2 57
Agent 0 - score 2 143
Agent 1 - score -5 58
Agent 0 - score -4 144
Agent 1 - score 2 59
Agent 0 - score -2 145
Agent 1 - score -5 60
Agent 0 - score -3 146
Agent 1 - score -1 61
Agent 0 - score -5 147
Agent 1 - score 2 62
Agent 0 - score 3 148
Agent 1 - score -3 63
Agent 0 - score -2 149
Agent 1 - score -2 64
Agent 0 - score -1 150
Agent 1 - score -2 65
Agent 0 - score -6 151
Agent 1 - score -5 66
Agent 0 - score -2 152
Agent 1 - score -4 67
Agent 0 - score -3 153
Agent 1 - score -5 68
Agent 0 - score -1 154
Agent 1 - score 4 69
Agent 0 - score 1 155
Agent 1 - score -2 70
Agent 0 - score -4 156
Agent 1 - score -3 71
Agent 0 - score -3 157
Agent 1 - score -5 72
Agent 0 - score -5 158
Agent 1 - score -1 73
Agent 0 - score -6 159
Agent 1 - score -3 74
Agent 0 - score -4 160
Agent 1 - score 1 75
Agent 0 - score -3 161
Agent 1 - score -1 76
Agent 0 - score -3 162
Agent 1 - score -4 77
Agent 0 - score -5 163
Agent 1 - score -3 78
Agent 0 - score -6 164
Agent 1 - score -3 79
Agent 0 - score -6 165
Agent 1 - score -3 80
Agent 0 - score -4 166
Agent 1 - score -1 81
Agent 0 - score 1 167
Agent 1 - score -1 82
Agent 0 - score -3 168
Agent 1 - score -1 83
Agent 0 - score -4 169
Agent 1 - score -1 84
Agent 0 - score -2 170
Agent 1 - score -2 85
Agent 0 - score 1 171
Agent 1 - score -4 86
Agent 0 - score -5 172
Agent 1 - score -2 87
Agent 1 - score -3 88
Agent 0 - score -6 173
Agent 0 - score -1 174
Agent 1 - score -3 89
Agent 0 - score 1 175
Agent 1 - score -1 90
Agent 0 - score -1 176
Agent 1 - score -3 91
Agent 0 - score -3 177
Agent 1 - score -1 92
Agent 0 - score -6 178
Agent 1 - score -4 93
Agent 0 - score -2 179
Agent 1 - score -3 95
Agent 0 - score -4 180
Agent 1 - score -6 96
Agent 0 - score -6 181
Agent 1 - score -3 97
Agent 0 - score -6 182
Agent 1 - score -5 98
Agent 0 - score -6 183
Agent 1 - score -2 99
Agent 0 - score -3 184
Agent 0 - score -6 185
Agent 1 - score -2 100
Agent 0 - score -1 186
Agent 1 - score -6 101
Agent 0 - score -4 187
Agent 1 - score 4 102
Agent 0 - score 1 188
Agent 1 - score -2 103
Agent 0 - score -1 189
Agent 1 - score -5 104
Agent 0 - score -1 190
Agent 1 - score 3 105
Agent 0 - score -3 191
Agent 1 - score 1 106
Agent 1 - score -1 107
Agent 0 - score -1 192
Agent 1 - score -3 108
Agent 0 - score 3 193
Agent 1 - score 2 109
Agent 0 - score -6 194
Agent 0 - score -2 195
Agent 1 - score -6 110
Agent 0 - score -2 196
Agent 1 - score -4 111
Agent 1 - score -4 112
Agent 0 - score -4 197
Agent 0 - score -1 198
Agent 1 - score -5 113
Agent 0 - score -3 199
Agent 1 - score -2 114
Agent 0 - score -1 200
Agent 1 - score 1 115
Agent 0 - score 2 201
Agent 1 - score -1 116
Agent 0 - score -4 202
Agent 1 - score -3 117
Agent 0 - score -1 203
Agent 1 - score -5 118
Agent 0 - score -2 204
Agent 1 - score -1 119
Agent 0 - score -1 205
Agent 1 - score -3 120
Agent 0 - score -1 206
Agent 1 - score -2 121
Agent 0 - score -4 207
Agent 1 - score -2 122
Agent 0 - score -4 208
Agent 1 - score -3 123
Agent 0 - score -1 209
Agent 1 - score -1 124
Agent 0 - score -3 210
Agent 1 - score -5 125
Agent 0 - score -5 211
Agent 1 - score -5 126
Agent 0 - score -5 212
Agent 1 - score -1 127
Agent 0 - score -3 213
Agent 1 - score -5 128
Agent 0 - score -3 214
Agent 1 - score -2 129
Agent 0 - score -3 215
Agent 1 - score -4 130
Agent 0 - score 1 216
Agent 1 - score -3 131
Agent 0 - score -3 217
Agent 1 - score -5 132
Agent 0 - score 1 218
Agent 1 - score -4 133
Agent 0 - score -1 219
Agent 1 - score 4 134
Agent 0 - score -3 220
Agent 1 - score -6 135
Agent 0 - score -3 221
Agent 1 - score -4 136
Agent 0 - score -2 222
Agent 1 - score -4 137
Agent 0 - score -3 223
Agent 1 - score -3 138
Agent 0 - score 1 224
Agent 1 - score -1 139
Agent 0 - score 1 225
Agent 1 - score -1 140
Agent 0 - score -5 226
Agent 1 - score -5 141
Agent 0 - score -2 227
Agent 1 - score -4 142
Agent 0 - score -2 228
Agent 1 - score -6 143
Agent 0 - score -2 229
Agent 1 - score -3 144
Agent 0 - score -1 230
Agent 1 - score -1 145
Agent 0 - score -1 231
Agent 1 - score -2 146
Agent 0 - score -1 232
Agent 1 - score -3 147
Agent 0 - score -3 233
Agent 1 - score -4 148
Agent 0 - score 1 234
Agent 1 - score -4 149
Agent 0 - score -4 235
Agent 1 - score -1 150
Agent 0 - score -6 236
Agent 1 - score -5 151
Agent 0 - score -2 237
Agent 1 - score 3 152
Agent 0 - score -4 238
Agent 1 - score -3 153
Agent 0 - score -3 239
Agent 1 - score -6 154
Agent 0 - score -4 240
Agent 1 - score 1 155
Agent 0 - score -4 241
Agent 1 - score -4 156
Agent 0 - score -5 242
Agent 1 - score -1 157
Agent 0 - score -1 243
Agent 1 - score -4 158
Agent 0 - score -3 244
Agent 1 - score -4 159
Agent 0 - score -3 245
Agent 1 - score -2 160
Agent 0 - score -6 246
Agent 1 - score -3 161
Agent 0 - score 1 247
Agent 1 - score -5 162
Agent 0 - score 2 248
Agent 1 - score -6 163
Agent 0 - score -2 249
Agent 1 - score -2 164
Agent 0 - score -1 250
Agent 1 - score -6 165
Agent 0 - score -6 251
Agent 1 - score -1 166
Agent 0 - score -1 252
Agent 1 - score -2 167
Agent 0 - score -3 253
Agent 1 - score -1 168
Agent 0 - score -5 254
Agent 1 - score -1 169
Agent 0 - score -3 255
Agent 1 - score -1 170
Agent 0 - score -4 256
Agent 1 - score -4 171
Agent 0 - score -4 257
Agent 1 - score -3 172
Agent 0 - score -1 258
Agent 1 - score -4 173
Agent 0 - score -3 259
Agent 1 - score -6 174
Agent 0 - score 5 260
Agent 1 - score -5 175
Agent 0 - score -2 261
Agent 1 - score -2 176
Agent 0 - score -3 262
Agent 1 - score 3 177
Agent 0 - score -3 263
Agent 1 - score -1 178
Agent 0 - score -1 264
Agent 0 - score -3 265
Agent 1 - score -3 179
Agent 0 - score -3 266
Agent 1 - score -3 180
Agent 0 - score -4 267
Agent 1 - score -1 181
Agent 0 - score 1 268
Agent 1 - score -4 182
Agent 0 - score 4 269
Agent 1 - score -4 183
Agent 0 - score -1 270
Agent 1 - score -2 184
Agent 0 - score -1 271
Agent 1 - score -6 185
Agent 0 - score -6 272
Agent 1 - score 2 186
Agent 0 - score -4 273
Agent 1 - score -4 187
Agent 0 - score -1 274
Agent 1 - score -6 188
Agent 0 - score 1 275
Agent 1 - score -1 189
Agent 0 - score -2 276
Agent 1 - score -6 190
Agent 0 - score -2 277
Agent 1 - score -2 191
Agent 0 - score -6 278
Agent 1 - score -6 192
Agent 0 - score 1 279
Agent 1 - score -2 193
Agent 0 - score -3 280
Agent 1 - score -3 194
Agent 0 - score -1 281
Agent 1 - score -6 195
Agent 0 - score -4 282
Agent 1 - score -2 196
Agent 0 - score -1 283
Agent 1 - score 1 197
Agent 0 - score -5 284
Agent 1 - score -2 198
Agent 0 - score -4 285
Agent 1 - score -3 199
Agent 0 - score -3 286
Agent 1 - score -1 200
Agent 0 - score -4 287
Agent 1 - score -6 201
Agent 0 - score -4 288
Agent 1 - score -1 202
Agent 0 - score -5 289
Agent 1 - score -4 203
Agent 0 - score -1 290
Agent 1 - score -3 204
Agent 0 - score -4 291
Agent 1 - score -3 205
Agent 0 - score -1 292
Agent 1 - score -1 206
Agent 0 - score -2 293
Agent 1 - score -6 207
Agent 0 - score -5 294
Agent 1 - score -5 208
Agent 0 - score -1 295
Agent 1 - score -4 209
Agent 0 - score -3 296
Agent 1 - score 2 210
Agent 0 - score -4 297
Agent 1 - score -1 211
Agent 0 - score -3 298
Agent 1 - score -5 212
Agent 0 - score -6 299
Agent 1 - score -6 213
Agent 0 - score -4 300
Agent 1 - score -1 214
Agent 0 - score -2 301
Agent 1 - score -4 215
Agent 0 - score -2 302
Agent 1 - score -4 216
Agent 0 - score -4 303
Agent 1 - score -2 217
Agent 0 - score -4 304
Agent 1 - score -4 218
Agent 0 - score -3 305
Agent 1 - score -4 219
Agent 0 - score -2 306
Agent 1 - score -2 220
Agent 0 - score -3 307
Agent 1 - score -1 221
Agent 0 - score -6 308
Agent 1 - score -3 222
Agent 0 - score -4 309
Agent 1 - score -3 223
Agent 1 - score -3 224
Agent 0 - score -2 310
Agent 1 - score -6 225
Agent 0 - score -1 311
Agent 1 - score 1 226
Agent 0 - score -2 312
Agent 1 - score -3 227
Agent 0 - score 2 313
Agent 1 - score -2 228
Agent 0 - score -1 314
Agent 1 - score -5 229
Agent 0 - score 2 315
Agent 1 - score -5 230
Agent 0 - score -1 316
Agent 0 - score -1 317
Agent 1 - score -6 231
Agent 0 - score -5 318
Agent 1 - score -5 232
Agent 0 - score -5 319
Agent 1 - score -4 233
Agent 1 - score -2 234
Agent 0 - score -5 320
Agent 1 - score -6 235
Agent 0 - score -2 321
Agent 0 - score 1 322
Agent 1 - score -2 236
Agent 0 - score -5 323
Agent 1 - score -3 237
Agent 1 - score -3 238
Agent 0 - score -3 324
Agent 0 - score 1 325
Agent 1 - score -1 239
Agent 0 - score -2 326
Agent 1 - score -2 240
Agent 0 - score -1 327
Agent 1 - score 1 241
Agent 0 - score -1 328
Agent 1 - score -3 242
Agent 0 - score -3 329
Agent 1 - score -3 243
Agent 0 - score -5 330
Agent 1 - score -6 244
Agent 0 - score -1 331
Agent 1 - score -5 245
Agent 0 - score -6 332
Agent 1 - score -3 246
Agent 0 - score -3 333
Agent 1 - score -3 247
Agent 0 - score -3 334
Agent 1 - score -4 248
Agent 0 - score -3 335
Agent 1 - score -4 249
Agent 0 - score -1 336
Agent 1 - score -3 250
Agent 0 - score 2 337

Agent 1 - score -1 252
Agent 0 - score -5 338
Agent 1 - score -3 253
Agent 0 - score -5 339
Agent 1 - score -1 254
Agent 0 - score -4 340
Agent 0 - score -4 341
Agent 1 - score -3 255
Agent 1 - score -1 256
Agent 0 - score 4 342
Agent 0 - score -4 343
Agent 1 - score -4 257
Agent 0 - score -3 344
Agent 1 - score -4 258
Agent 0 - score -1 345
Agent 1 - score -3 259
Agent 0 - score -3 346
Agent 1 - score -5 260
Agent 0 - score -1 347
Agent 1 - score -2 261
Agent 0 - score -1 348
Agent 1 - score -3 262
Agent 0 - score -3 349
Agent 1 - score 1 263
Agent 0 - score -3 350
Agent 1 - score -4 264
Agent 0 - score -2 351
Agent 1 - score -2 265
Agent 0 - score -3 352
Agent 1 - score -2 266
Agent 0 - score -5 353
Agent 1 - score -2 267
Agent 0 - score -4 354
Agent 1 - score -2 268
Agent 0 - score 1 355
Agent 1 - score -3 269
Agent 0 - score -3 356
Agent 1 - score -3 270
Agent 0 - score -1 357
Agent 1 - score -3 271
Agent 0 - score -5 358
Agent 1 - score 1 272
Agent 0 - score -6 359
Agent 1 - score -2 273
Agent 0 - score -6 360
Agent 1 - score -4 274
Agent 0 - score -3 361
Agent 1 - score 1 275
Agent 0 - score -4 362
Agent 1 - score -4 276
Agent 0 - score -3 363
Agent 1 - score -1 277
Agent 0 - score -4 364
Agent 1 - score -2 278
Agent 0 - score -5 365
Agent 1 - score -1 279
Agent 0 - score -2 366
Agent 1 - score -6 280
Agent 0 - score -4 367
Agent 1 - score -3 281
Agent 0 - score -1 368
Agent 1 - score -1 282
Agent 0 - score -1 369
Agent 1 - score -4 283
Agent 0 - score -2 370
Agent 1 - score 1 284
Agent 0 - score -4 371
Agent 1 - score -4 285
Agent 0 - score -2 372
Agent 1 - score -3 286
Agent 0 - score -1 373
Agent 1 - score -1 287
Agent 0 - score -6 374
Agent 1 - score -6 288
Agent 0 - score -3 375
Agent 1 - score -4 289
Agent 0 - score -6 376
Agent 1 - score -5 290
Agent 0 - score -1 377
Agent 1 - score -1 291
Agent 0 - score -2 378
Agent 1 - score 1 292
Agent 0 - score -4 379
Agent 1 - score -5 293
Agent 0 - score -4 380
Agent 1 - score -4 294
Agent 0 - score -6 381
Agent 1 - score -2 295
Agent 0 - score -4 382
Agent 1 - score -3 296
Agent 0 - score -3 383
Agent 1 - score -4 297
Agent 0 - score -5 384
Agent 1 - score -3 298
Agent 0 - score -2 385
Agent 1 - score 2 299
Agent 0 - score -3 386
Agent 1 - score -2 300
Agent 0 - score -2 387
Agent 1 - score -3 301
Agent 0 - score -4 388
Agent 1 - score -4 302
Agent 0 - score 2 389
Agent 1 - score -6 303
Agent 0 - score -6 390
Agent 1 - score 3 304
Agent 0 - score 2 391
Agent 1 - score -4 305
Agent 0 - score -2 392
Agent 1 - score -5 306
Agent 0 - score -3 393
Agent 1 - score -4 307
Agent 0 - score -3 394
Agent 1 - score -3 308
Agent 0 - score -6 395
Agent 1 - score -2 309
Agent 0 - score -3 396
Agent 1 - score -2 310
Agent 0 - score -1 397
Agent 1 - score -3 311
Agent 0 - score -1 398
Agent 1 - score -4 312
Agent 0 - score -6 399
Agent 1 - score 1 313
Agent 0 - score -6 400
Agent 1 - score -5 314
Agent 0 - score -3 401
Agent 1 - score -4 315
Agent 0 - score -1 402
Agent 1 - score 1 316
Agent 0 - score -4 403
Agent 1 - score -5 317
Agent 0 - score -1 404
Agent 1 - score -1 318
Agent 0 - score -2 405
Agent 1 - score -4 319
Agent 0 - score -4 406
Agent 1 - score 1 320
Agent 0 - score -6 407
Agent 1 - score -4 321
Agent 0 - score -1 408
Agent 1 - score -3 322
Agent 0 - score 1 409
Agent 1 - score -2 323
Agent 0 - score -1 410
Agent 1 - score -1 324
Agent 0 - score 2 411
Agent 1 - score -3 325
Agent 0 - score -3 412
Agent 1 - score -4 326
Agent 0 - score -6 413
Agent 1 - score -6 327
Agent 0 - score -4 414
Agent 1 - score -1 328
Agent 0 - score -3 415
Agent 1 - score -6 329
Agent 0 - score -2 416
Agent 1 - score -4 330
Agent 0 - score -4 417
Agent 1 - score 1 331
Agent 0 - score -4 418
Agent 1 - score -6 332
Agent 0 - score -3 419
Agent 1 - score -5 333
Agent 0 - score -4 420
Agent 1 - score -4 334
Agent 0 - score -1 421
Agent 1 - score -6 335
Agent 0 - score -4 422
Agent 1 - score -1 336
Agent 0 - score -1 423
Agent 1 - score -6 337
Agent 0 - score -5 424
Agent 1 - score -4 338
Agent 0 - score -1 425
Agent 1 - score -4 339
Agent 0 - score -5 426
Agent 1 - score -1 340
Agent 0 - score -5 427
Agent 1 - score -2 341
Agent 0 - score -3 428
Agent 1 - score -4 342
Agent 0 - score -5 429
Agent 1 - score -1 343
Agent 0 - score -3 430
Agent 1 - score -3 344
Agent 0 - score -6 431
Agent 1 - score 1 345
Agent 0 - score -3 432
Agent 1 - score -4 346
Agent 0 - score -6 433
Agent 1 - score -1 347
Agent 0 - score -3 434
Agent 1 - score -1 348
Agent 0 - score -1 435
Agent 1 - score -3 349
Agent 0 - score -1 436
Agent 1 - score -2 350
Agent 0 - score -1 437
Agent 1 - score -5 351
Agent 0 - score -3 438
Agent 1 - score 1 352
Agent 0 - score -5 439
Agent 1 - score 1 353
Agent 0 - score -4 440
Agent 1 - score -2 354
Agent 0 - score -2 441
Agent 1 - score -3 355
Agent 0 - score -4 442
Agent 1 - score -4 356
Agent 0 - score -2 443
Agent 1 - score -4 357
Agent 0 - score -4 444
Agent 1 - score 3 358
Agent 0 - score -4 445
Agent 1 - score 2 359
Agent 0 - score -5 446
Agent 1 - score -4 360
Agent 0 - score -4 447
Agent 1 - score -5 361
Agent 0 - score -3 448
Agent 1 - score -4 362
Agent 0 - score 1 449
Agent 1 - score -3 363
Agent 0 - score -3 450
Agent 1 - score -2 364
Agent 0 - score -2 451
Agent 1 - score -4 365
Agent 0 - score -3 452
Agent 1 - score -6 366
Agent 0 - score -4 453
Agent 1 - score -4 367
Agent 0 - score -6 454
Agent 1 - score -6 368
Agent 0 - score 2 455
Agent 1 - score -1 369
Agent 0 - score -3 456
Agent 1 - score -3 370
Agent 0 - score -3 457
Agent 1 - score -3 371
Agent 0 - score -4 458
Agent 1 - score -4 372
Agent 0 - score -4 459
Agent 1 - score -6 373
Agent 0 - score -4 460
Agent 1 - score 1 374
Agent 0 - score -1 461
Agent 1 - score -4 375
Agent 0 - score -3 462
Agent 1 - score -6 376
Agent 0 - score -1 463
Agent 0 - score 1 464
Agent 1 - score -4 377
Agent 0 - score -3 465
Agent 1 - score -5 378
Agent 0 - score -4 466
Agent 1 - score 1 379
Agent 0 - score -4 467
Agent 1 - score -1 380
Agent 0 - score -3 468
Agent 1 - score -5 381
Agent 0 - score -5 469
Agent 1 - score -3 382
Agent 0 - score 1 470
Agent 1 - score -2 383
Agent 0 - score -2 471
Agent 1 - score -2 384
Agent 0 - score -3 472
Agent 1 - score -4 385
Agent 1 - score 1 386
Agent 0 - score -4 473
Agent 0 - score 1 474
Agent 1 - score -1 387
Agent 0 - score -1 475
Agent 1 - score -1 388
Agent 1 - score -3 389
Agent 0 - score -3 476
Agent 1 - score -1 390
Agent 1 - score -6 391
Agent 0 - score -1 479
Agent 1 - score -4 392
Agent 0 - score -2 480
Agent 1 - score -4 393
Agent 0 - score -1 481
Agent 1 - score -6 394
Agent 0 - score -4 482
Agent 1 - score -6 395
Agent 1 - score 1 396
Agent 0 - score -1 483
Agent 0 - score -4 484
Agent 0 - score 2 485
Agent 1 - score -4 398
Agent 0 - score -1 486
Agent 1 - score -1 399
Agent 0 - score -2 487
Agent 1 - score -6 400
Agent 1 - score 4 401

Agent 1 - score -3 402
Agent 0 - score -4 489
Agent 0 - score -2 490
Agent 1 - score -4 403
Agent 1 - score -6 404
Agent 0 - score -2 491
Agent 1 - score -4 405
Agent 0 - score -6 492
Agent 1 - score 2 406
Agent 0 - score 2 493
Agent 1 - score -1 407
Agent 0 - score -3 494
Agent 1 - score -2 408
Agent 0 - score -5 495
Agent 1 - score -5 409
Agent 0 - score -1 496
Agent 1 - score 1 410
Agent 0 - score -5 497
Agent 1 - score -6 411
Agent 0 - score -3 498
Agent 0 - score -2 499
Agent 1 - score -2 412
Agent 0 - score -2 500
Agent 1 - score -1 413
Agent 1 - score -1 414
Agent 0 - score -4 501
Agent 1 - score 1 415
Agent 0 - score -3 502
Agent 1 - score -1 416
Agent 0 - score -4 503
Agent 1 - score -4 417
Agent 0 - score -1 504
Agent 1 - score -2 418
Agent 0 - score -4 505
Agent 1 - score -4 419
Agent 0 - score -4 506
Agent 1 - score -3 420
Agent 0 - score -1 507
Agent 1 - score -6 421
Agent 0 - score -3 508
Agent 1 - score -2 422
Agent 0 - score -3 509
Agent 1 - score -1 423
Agent 0 - score 1 510
Agent 1 - score -2 424
Agent 0 - score -3 511
Agent 1 - score -1 425
Agent 0 - score -3 512
Agent 0 - score -4 513
Agent 1 - score -2 426
Agent 1 - score -1 427
Agent 0 - score -4 514
Agent 1 - score -5 428
Agent 0 - score -2 516
Agent 1 - score -2 429
Agent 0 - score -1 517
Agent 1 - score -2 431
Agent 0 - score -5 518
Agent 1 - score -3 432
Agent 0 - score -5 519
Agent 0 - score -2 520
Agent 1 - score -3 433
Agent 1 - score 4 434
Agent 0 - score -4 521
Agent 1 - score -1 435
Agent 0 - score -4 522
Agent 1 - score -5 436
Agent 0 - score -1 523
Agent 1 - score 1 437
Agent 0 - score -2 524
Agent 1 - score -5 438
Agent 0 - score -4 525
Agent 1 - score -2 439
Agent 0 - score -1 526
Agent 0 - score -3 527
Agent 1 - score -4 441
Agent 0 - score -2 528
Agent 0 - score -4 529
Agent 1 - score -4 442
Agent 0 - score -3 530
Agent 1 - score -6 443
Agent 1 - score 1 444
Agent 0 - score -2 531
Agent 1 - score 1 445
Agent 0 - score -6 532
Agent 1 - score -1 446
Agent 0 - score -3 533
Agent 1 - score -3 447
Agent 0 - score -3 534
Agent 1 - score 2 448
Agent 0 - score -1 535
Agent 1 - score -3 449
Agent 0 - score 2 536
Agent 0 - score -1 537
Agent 1 - score -2 450
Agent 0 - score 1 538
Agent 1 - score -5 451
Agent 0 - score -3 539
Agent 1 - score -4 452
Agent 0 - score -1 540
Agent 1 - score -2 453
Agent 0 - score -3 541
Agent 1 - score -3 454
Agent 0 - score -4 542
Agent 1 - score -4 455
Agent 0 - score -4 543
Agent 1 - score -4 456
Agent 0 - score 1 544
Agent 1 - score -4 457
Agent 0 - score -4 545
Agent 1 - score -2 458
Agent 0 - score -4 546
Agent 1 - score -3 459
Agent 0 - score -1 547
Agent 1 - score -5 460
Agent 0 - score -1 548
Agent 1 - score -6 461
Agent 0 - score -5 549
Agent 1 - score -1 462
Agent 0 - score -3 550
Agent 1 - score -2 463
Agent 0 - score -3 551
Agent 1 - score -3 464
Agent 0 - score -1 552
Agent 1 - score -4 465
Agent 0 - score -3 553
Agent 1 - score -2 466
Agent 0 - score -4 554
Agent 1 - score -1 467
Agent 0 - score -6 555
Agent 1 - score -3 468
Agent 0 - score -4 556
Agent 1 - score -2 469
Agent 0 - score -6 557
Agent 1 - score -5 470
Agent 0 - score -3 558
Agent 1 - score -1 471
Agent 0 - score -2 559
Agent 1 - score -1 472
Agent 0 - score -1 560
Agent 1 - score -2 473
Agent 0 - score -3 561
Agent 1 - score -3 474
Agent 0 - score -1 562
Agent 1 - score -3 475
Agent 0 - score -6 563
Agent 1 - score -4 476
Agent 0 - score -4 564
Agent 1 - score -4 477
Agent 0 - score -3 565
Agent 1 - score -4 478
Agent 0 - score 2 566
Agent 1 - score -3 479
Agent 0 - score -1 567
Agent 1 - score -2 480
Agent 0 - score -1 568
Agent 1 - score -4 481
Agent 0 - score -3 569
Agent 1 - score -5 482
Agent 0 - score -5 570
Agent 1 - score -2 483
Agent 0 - score -3 571
Agent 1 - score -4 484
Agent 0 - score -2 572
Agent 1 - score -2 485
Agent 0 - score -2 573
Agent 1 - score -4 486
Agent 0 - score -4 574
Agent 1 - score -3 487
Agent 0 - score -4 575
Agent 1 - score -2 488
Agent 0 - score -3 576
Agent 1 - score -2 489
Agent 0 - score -5 577
Agent 1 - score -3 490
Agent 0 - score -4 578
Agent 1 - score -6 491
Agent 0 - score -4 579
Agent 1 - score -5 492
Agent 0 - score -6 580
Agent 1 - score -2 493
Agent 0 - score -1 581
Agent 1 - score -3 494
Agent 0 - score -1 582
Agent 1 - score -3 495
Agent 0 - score -2 583
Agent 1 - score -1 496
Agent 0 - score -1 584
Agent 1 - score -2 497
Agent 0 - score -1 585
Agent 1 - score -5 498
Agent 0 - score -4 586
Agent 1 - score -4 499
Agent 0 - score 2 587
Agent 1 - score -1 500
Agent 0 - score -3 588
Agent 1 - score -3 501
Agent 0 - score -1 589
Agent 1 - score -1 502
Agent 0 - score -3 590
Agent 1 - score -3 503
Agent 0 - score -3 591
Agent 1 - score -6 504
Agent 0 - score -3 592
Agent 1 - score -2 505
Agent 0 - score -3 593
Agent 1 - score -1 506
Agent 0 - score -5 594
Agent 1 - score -5 507
Agent 0 - score -4 595
Agent 1 - score 3 508
Agent 0 - score -1 596
Agent 1 - score -1 509
Agent 0 - score -2 597
Agent 1 - score -2 510
Agent 0 - score -3 598
Agent 1 - score -6 511
Agent 0 - score -2 599
Agent 1 - score -2 512
Agent 0 - score -4 600
Agent 1 - score -2 513
Agent 0 - score -4 601
Agent 1 - score -5 514
Agent 0 - score -4 602
Agent 1 - score -3 515
Agent 0 - score 4 603
Agent 1 - score -4 516
Agent 0 - score -3 604
Agent 1 - score -1 517
Agent 0 - score -5 605
Agent 1 - score -2 518
Agent 0 - score -5 606
Agent 1 - score -1 519
Agent 1 - score -3 520
Agent 0 - score -3 607
Agent 1 - score 2 521
Agent 0 - score 1 608
Agent 1 - score -1 522
Agent 0 - score 3 609
Agent 0 - score -2 610
Agent 1 - score -4 523
Agent 0 - score -1 611
Agent 1 - score -2 524
Agent 0 - score -1 612
Agent 1 - score -2 525
Agent 0 - score 1 613
Agent 1 - score -2 526
Agent 0 - score -1 614
Agent 1 - score 1 527
Agent 0 - score -4 615
Agent 1 - score -4 528
Agent 0 - score -6 616
Agent 1 - score 2 529
Agent 0 - score -2 617
Agent 1 - score -2 530
Agent 0 - score -3 618
Agent 1 - score -6 531
Agent 0 - score 1 619
Agent 1 - score -5 532
Agent 0 - score -3 620
Agent 1 - score -5 533
Agent 0 - score 1 621
Agent 1 - score 1 534
Agent 0 - score -2 622
Agent 1 - score -2 535
Agent 0 - score -4 623
Agent 1 - score -3 536
Agent 0 - score 1 624
Agent 1 - score -2 537
Agent 0 - score -4 625
Agent 1 - score -4 538
Agent 1 - score 4 539
Agent 0 - score -6 626
Agent 1 - score 3 540
Agent 0 - score -5 627
Agent 1 - score 3 541
Agent 0 - score -3 628
Agent 1 - score -3 542
Agent 0 - score -1 629
Agent 1 - score -4 543
Agent 0 - score -1 630
Agent 0 - score -1 631
Agent 0 - score -2 632
Agent 1 - score -5 545
Agent 0 - score -1 633
Agent 1 - score -6 546
Agent 0 - score -1 634
Agent 1 - score -2 547
Agent 0 - score -3 635
Agent 1 - score -6 548
Agent 1 - score 1 549
Agent 0 - score -2 636
Agent 0 - score -2 637
Agent 1 - score -6 550
Agent 0 - score -4 638
Agent 1 - score -4 551
Agent 0 - score -2 639
Agent 1 - score -4 552
Agent 1 - score -3 553
Agent 0 - score -5 640
Agent 0 - score -1 641
Agent 1 - score 2 554
Agent 1 - score -1 555
Agent 0 - score -6 642
Agent 1 - score -3 556
Agent 0 - score -2 643
Agent 1 - score -3 557
Agent 0 - score -4 644
Agent 1 - score -6 558
Agent 0 - score -4 645
Agent 1 - score -3 559
Agent 0 - score -1 646
Agent 1 - score -3 560
Agent 0 - score -4 647
Agent 1 - score -6 561
Agent 0 - score -3 648
Agent 1 - score 3 562
Agent 0 - score -1 649
Agent 1 - score 1 563
Agent 0 - score -3 650
Agent 1 - score -5 564
Agent 0 - score -4 651
Agent 1 - score -2 565
Agent 0 - score -1 652
Agent 1 - score -2 566
Agent 0 - score 1 653
Agent 1 - score 3 567
Agent 0 - score 4 654
Agent 1 - score -4 568
Agent 0 - score -1 655
Agent 0 - score -3 656
Agent 1 - score 1 569
Agent 0 - score -3 657
Agent 1 - score -4 570
Agent 0 - score -5 658
Agent 1 - score -4 571
Agent 1 - score -3 572
Agent 0 - score 1 659
Agent 1 - score -3 573
Agent 0 - score -2 660
Agent 1 - score -6 574
Agent 0 - score -4 661
Agent 1 - score -2 575
Agent 0 - score -1 662
Agent 0 - score -3 663
Agent 1 - score -6 576
Agent 0 - score -2 664
Agent 1 - score -6 577
Agent 0 - score -3 665
Agent 1 - score -6 578
Agent 0 - score -1 666
Agent 1 - score -2 579
Agent 0 - score -4 667
Agent 1 - score -3 580
Agent 0 - score -4 668
Agent 1 - score -6 581
Agent 0 - score -6 669
Agent 1 - score -5 582
Agent 0 - score -4 670
Agent 1 - score -3 583
Agent 0 - score -6 671
Agent 1 - score -2 584
Agent 0 - score -1 672
Agent 1 - score -1 585
Agent 0 - score -3 673
Agent 1 - score -6 586
Agent 0 - score 1 674
Agent 1 - score -5 587
Agent 0 - score -4 675
Agent 1 - score 3 588
Agent 0 - score -5 676
Agent 1 - score -3 589
Agent 1 - score -3 590
Agent 0 - score -4 677
Agent 0 - score -6 678
Agent 1 - score -1 591
Agent 0 - score -4 679
Agent 1 - score -3 592
Agent 0 - score -3 680
Agent 1 - score -2 593
Agent 0 - score -4 681
Agent 1 - score -4 594
Agent 0 - score -2 682
Agent 1 - score -5 595
Agent 0 - score -3 683
Agent 1 - score -6 596
Agent 0 - score 1 684
Agent 1 - score 2 597
Agent 0 - score -6 685
Agent 1 - score -3 598
Agent 1 - score -2 599
Agent 0 - score -3 686
Agent 1 - score -4 600
Agent 1 - score -1 601
Agent 0 - score -3 688
Agent 1 - score -2 602
Agent 0 - score -2 689
Agent 1 - score -6 603
Agent 0 - score -3 690
Agent 1 - score -2 604
Agent 0 - score -1 691
Agent 1 - score -4 605
Agent 0 - score -5 692
Agent 1 - score -4 606
Agent 0 - score -4 693
Agent 1 - score -4 607
Agent 0 - score 2 694
Agent 1 - score -4 608
Agent 0 - score -3 695
Agent 0 - score -2 696
Agent 1 - score -1 609
Agent 1 - score -3 610
Agent 0 - score -4 697
Agent 1 - score -3 611
Agent 0 - score -3 698
Agent 0 - score 2 699
Agent 1 - score -5 612
Agent 1 - score -3 613
Agent 0 - score -4 700
Agent 0 - score -3 701
Agent 1 - score -4 614
Agent 1 - score -2 615
Agent 0 - score 2 702
Agent 1 - score 1 616
Agent 0 - score -2 703
Agent 0 - score 1 704
Agent 1 - score -3 617
Agent 0 - score -1 705
Agent 1 - score -5 618
Agent 0 - score -6 706
Agent 1 - score -5 619
Agent 0 - score 1 707
Agent 1 - score -6 620
Agent 0 - score -2 708
Agent 1 - score -2 621
Agent 0 - score 2 709
Agent 1 - score -4 622
Agent 0 - score -2 710
Agent 1 - score -3 623
Agent 0 - score -1 711
Agent 1 - score 3 624
Agent 0 - score 1 712
Agent 1 - score -5 625
Agent 0 - score -3 713
Agent 1 - score -4 626
Agent 0 - score -2 714
Agent 1 - score -4 627
Agent 0 - score -5 715
Agent 1 - score -4 628
Agent 0 - score -3 716
Agent 1 - score -3 629
Agent 0 - score -3 717
Agent 1 - score -4 630
Agent 0 - score 2 718
Agent 1 - score -2 631
Agent 0 - score -1 719
Agent 1 - score -2 632
Agent 0 - score -4 720
Agent 1 - score -4 633
Agent 0 - score -1 721
Agent 1 - score -3 634
Agent 0 - score -2 722
Agent 1 - score -4 635
Agent 1 - score 1 636
Agent 1 - score -4 637
Agent 1 - score -1 638
Agent 1 - score -6 639
Agent 1 - score -2 640
Agent 1 - score -1 641
Agent 1 - score 1 642
Agent 1 - score -1 643
Agent 1 - score -4 644
Agent 1 - score -3 645
Agent 1 - score -4 646
Agent 0 - score -3 723
Agent 1 - score -5 647
Agent 0 - score -3 724
Agent 1 - score 2 648
Agent 0 - score -2 725
Agent 1 - score 1 649
Agent 0 - score -3 726
Agent 1 - score -2 650
Agent 0 - score -3 727
Agent 1 - score -1 651
Agent 0 - score -3 728
Agent 1 - score -1 652
Agent 0 - score -1 729
Agent 1 - score -4 653
Agent 0 - score -2 730
Agent 1 - score -2 654
Agent 0 - score -2 731
Agent 1 - score -1 655
Agent 0 - score -1 732
Agent 1 - score -4 656
Agent 0 - score 3 733
Agent 1 - score -3 657
Agent 0 - score -1 734
Agent 1 - score -1 658
Agent 0 - score -3 735
Agent 1 - score 1 659
Agent 0 - score -3 736
Agent 1 - score -2 660
Agent 0 - score 1 737
Agent 1 - score 1 661
Agent 0 - score -3 738
Agent 1 - score 3 662
Agent 0 - score -5 739
Agent 1 - score -4 663
Agent 0 - score -4 740
Agent 1 - score -2 664
Agent 0 - score -6 741
Agent 1 - score -1 665
Agent 0 - score -3 742
Agent 1 - score -4 666
Agent 0 - score -3 743
Agent 1 - score -4 667
Agent 0 - score -5 744
Agent 1 - score -3 668
Agent 0 - score -2 745
Agent 1 - score -6 669
Agent 1 - score -2 670
Agent 0 - score 1 746
Agent 1 - score -2 671
Agent 0 - score -1 747
Agent 1 - score -4 672
Agent 0 - score -4 748
Agent 1 - score -3 673
Agent 0 - score -1 749
Agent 1 - score -4 674
Agent 0 - score -4 750
Agent 1 - score -4 675
Agent 0 - score -2 751
Agent 1 - score -4 676
Agent 0 - score -1 752
Agent 1 - score -3 677
Agent 0 - score -5 753
Agent 1 - score -3 678
Agent 0 - score -4 754
Agent 1 - score -4 679
Agent 0 - score -6 755
Agent 1 - score -4 680
Agent 0 - score -2 756
Agent 1 - score -3 681
Agent 0 - score -2 757
Agent 1 - score -3 682
Agent 0 - score -3 758
Agent 1 - score -1 683
Agent 0 - score -3 759
Agent 1 - score -1 684
Agent 0 - score -2 760
Agent 1 - score -6 685
Agent 0 - score 1 761
Agent 1 - score -3 686
Agent 0 - score -5 762
Agent 1 - score -2 687
Agent 0 - score -6 763
Agent 1 - score -3 688
Agent 0 - score -1 764
Agent 1 - score -1 689
Agent 0 - score -4 765
Agent 1 - score -4 690
Agent 0 - score -2 766
Agent 1 - score -1 691
Agent 0 - score -1 767
Agent 1 - score -6 692
Agent 0 - score 3 768
Agent 1 - score -5 693
Agent 0 - score -3 769
Agent 1 - score -3 694
Agent 0 - score -4 770
Agent 1 - score -1 695
Agent 0 - score -2 771
Agent 0 - score -3 772
Agent 1 - score -4 696
Agent 1 - score -2 697
Agent 0 - score -3 773
Agent 1 - score -4 698
Agent 0 - score -4 774
Agent 1 - score 2 699
Agent 0 - score -6 775
Agent 1 - score -4 700
Agent 0 - score -3 776
Agent 1 - score -6 701
Agent 0 - score -2 777
Agent 1 - score -4 702
Agent 0 - score -3 778
Agent 1 - score -5 703
Agent 0 - score 1 779
Agent 0 - score -4 780
Agent 1 - score 2 704
Agent 0 - score -3 781
Agent 1 - score -4 705
Agent 0 - score -4 782
Agent 1 - score -4 706
Agent 0 - score -1 783
Agent 1 - score -1 707
Agent 0 - score -1 784
Agent 1 - score -4 708
Agent 0 - score -3 785
Agent 1 - score -6 709
Agent 0 - score -2 786
Agent 1 - score -1 710
Agent 0 - score -1 787
Agent 1 - score -4 711
Agent 0 - score -3 788
Agent 1 - score -3 712
Agent 0 - score -3 789
Agent 1 - score -4 713
Agent 0 - score -4 790
Agent 1 - score -3 714
Agent 0 - score -4 791
Agent 1 - score -6 715
Agent 0 - score -2 792
Agent 1 - score -1 716
Agent 0 - score -1 793
Agent 1 - score -4 717
Agent 0 - score -1 794
Agent 1 - score -6 718
Agent 0 - score -4 795
Agent 1 - score 1 719
Agent 0 - score -2 796
Agent 1 - score -4 720
Agent 0 - score -2 797
Agent 1 - score -1 721
Agent 1 - score -4 722
Agent 0 - score 2 798
Agent 1 - score -4 723
Agent 0 - score -2 800
Agent 1 - score -6 724
Agent 0 - score -4 801
Agent 1 - score -5 725
Agent 0 - score -1 802
Agent 1 - score -4 726
Agent 0 - score -1 803
Agent 1 - score 1 727
Agent 0 - score -1 804
Agent 1 - score -1 728
Agent 1 - score -1 729
Agent 0 - score -5 805
Agent 0 - score -1 806
Agent 1 - score -1 730
Agent 1 - score -4 731
Agent 0 - score -4 807
Agent 0 - score -6 808
Agent 1 - score -1 732
Agent 0 - score -3 809
Agent 1 - score -3 733
Agent 0 - score 1 810
Agent 1 - score -4 734
Agent 0 - score -3 811
Agent 1 - score -4 735
Agent 0 - score 2 812
Agent 1 - score -3 736
Agent 0 - score -4 813
Agent 1 - score -1 737
Agent 0 - score -2 814
Agent 1 - score -4 738
Agent 1 - score -1 739
Agent 0 - score -2 815
Agent 1 - score -1 740
Agent 0 - score -2 816
Agent 1 - score -6 741
Agent 0 - score 2 817
Agent 1 - score -1 742
Agent 0 - score -2 818
Agent 1 - score -4 743
Agent 0 - score -3 819
Agent 1 - score -4 744
Agent 0 - score -5 820
Agent 1 - score -4 745
Agent 0 - score -5 821
Agent 1 - score -1 746
Agent 0 - score -3 822
Agent 1 - score -4 747
Agent 0 - score -3 823
Agent 1 - score -1 748
Agent 0 - score -2 824
Agent 1 - score -1 749
Agent 0 - score -4 825
Agent 1 - score -3 750
Agent 0 - score -2 826
Agent 1 - score -3 751
Agent 0 - score -4 827
Agent 1 - score -4 752
Agent 0 - score -6 828
Agent 1 - score 1 753
Agent 0 - score -4 829
Agent 1 - score -2 754
Agent 0 - score -3 830
Agent 1 - score 2 755
Agent 0 - score 1 831
Agent 1 - score -4 756
Agent 0 - score -3 832
Agent 1 - score -3 757
Agent 0 - score 4 833
Agent 1 - score -5 758
Agent 0 - score -1 834
Agent 1 - score -5 759
Agent 0 - score -4 835
Agent 1 - score -4 760
Agent 0 - score -4 836
Agent 1 - score -4 761
Agent 0 - score -4 837
Agent 1 - score -2 762
Agent 0 - score 1 838
Agent 1 - score -2 763
Agent 1 - score -1 764
Agent 0 - score 2 839
Agent 1 - score 1 765
Agent 0 - score -2 840
Agent 1 - score -1 766
Agent 0 - score -6 841
Agent 1 - score -4 767
Agent 0 - score -2 842
Agent 1 - score -4 768
Agent 0 - score -3 843
Agent 1 - score -4 769
Agent 0 - score -4 844
Agent 1 - score -1 770
Agent 0 - score -4 845
Agent 1 - score -4 771
Agent 0 - score 2 846
Agent 1 - score -4 772
Agent 0 - score -6 847
Agent 1 - score -2 773
Agent 0 - score -1 848
Agent 1 - score -6 774
Agent 0 - score -2 849
Agent 1 - score -4 775
Agent 0 - score -6 850
Agent 1 - score -1 776
Agent 0 - score -1 851
Agent 1 - score -3 777
Agent 0 - score -5 852
Agent 1 - score -6 778
Agent 0 - score -5 853
Agent 1 - score -3 779
Agent 0 - score -2 854
Agent 1 - score -1 780
Agent 0 - score -2 855
Agent 1 - score -2 781
Agent 0 - score -4 856
Agent 1 - score -2 782
Agent 0 - score -4 857
Agent 1 - score -1 783
Agent 0 - score 1 858
Agent 1 - score -1 784
Agent 0 - score -4 859
Agent 1 - score -1 785
Agent 0 - score -2 860
Agent 1 - score -2 786
Agent 1 - score -5 787
Agent 0 - score -1 861
Agent 1 - score -3 788
Agent 0 - score -3 862
Agent 1 - score -6 789
Agent 0 - score -3 863
Agent 1 - score -1 790
Agent 0 - score -3 864
Agent 1 - score -5 791
Agent 0 - score -6 865
Agent 1 - score 1 792
Agent 0 - score -2 866
Agent 1 - score -3 793
Agent 0 - score 1 867
Agent 1 - score -3 794
Agent 0 - score -2 868
Agent 1 - score -1 795
Agent 0 - score -4 869
Agent 1 - score -5 796
Agent 0 - score -6 870
Agent 1 - score -3 797
Agent 0 - score -4 871
Agent 1 - score -2 798
Agent 0 - score -2 872
Agent 1 - score -3 799
Agent 0 - score -4 873
Agent 1 - score -3 800
Agent 0 - score -4 874
Agent 1 - score -3 801
Agent 0 - score 1 875
Agent 1 - score -4 802
Agent 0 - score -1 876
Agent 1 - score -5 803
Agent 0 - score -1 877
Agent 1 - score -2 804
Agent 0 - score -1 878
Agent 0 - score -2 879
Agent 1 - score -2 805
Agent 0 - score -1 880
Agent 1 - score -4 806
Agent 1 - score -3 807
Agent 0 - score -1 881
Agent 0 - score -3 882
Agent 1 - score 3 808
Agent 0 - score -4 883
Agent 1 - score -6 809
Agent 1 - score -1 810
Agent 0 - score -4 884
Agent 1 - score -4 811
Agent 0 - score -4 885
Agent 1 - score -1 812
Agent 0 - score -6 886
Agent 1 - score -6 813
Agent 0 - score -3 887
Agent 1 - score -6 814
Agent 0 - score -2 888
Agent 1 - score -2 815
Agent 1 - score 1 816
Agent 1 - score -2 817
Agent 1 - score -3 818
