2024-08-13T18:19:16+08:00 [INFO] 欢迎进入哈尔滨工业大学人工智能研究院有限公司数字冰壶比赛
2024-08-13T18:19:16+08:00 [INFO] 请使用Chrome或Edge浏览器输入地址localhost:9007或打开安装目录下curling_web开始比赛
2024-08-13T18:19:16+08:00 [INFO] CurlingAI.exe TCP通信端口: 7788
2024-08-13T18:19:34+08:00 [INFO] 比赛平台连接成功
2024-08-13T18:19:34+08:00 [INFO] 比赛平台连接成功
2024-08-13T18:19:48+08:00 [INFO] New CurlingAI client connected.
2024-08-13T18:20:12+08:00 [INFO] New CurlingAI client connected.
2024-08-13T18:21:13+08:00 [INFO] Game disconnected: websocket: close 1000 (normal)
2024-08-13T18:21:13+08:00 [INFO] Game disconnected: websocket: close 1000 (normal)
2024-08-13T18:21:13+08:00 [INFO] Please Close CurlingAI!
2024-08-13T18:21:13+08:00 [INFO] Please Close CurlingAI!
2024-08-13T18:21:14+08:00 [INFO] 比赛平台连接成功
2024-08-13T18:21:14+08:00 [INFO] 比赛平台连接成功
2024-08-13T18:21:20+08:00 [INFO] New CurlingAI client connected.
2024-08-13T18:21:21+08:00 [INFO] New CurlingAI client connected.
2024-08-13T18:28:06+08:00 [INFO] Game disconnected: websocket: close 1000 (normal)
2024-08-13T18:28:06+08:00 [INFO] Game disconnected: websocket: close 1000 (normal)
2024-08-13T18:28:06+08:00 [INFO] Please Close CurlingAI!
2024-08-13T18:28:06+08:00 [INFO] Please Close CurlingAI!
2024-08-13T18:28:14+08:00 [INFO] 比赛平台连接成功
2024-08-13T18:28:14+08:00 [INFO] 比赛平台连接成功
2024-08-13T18:28:19+08:00 [INFO] New CurlingAI client connected.
2024-08-13T18:28:20+08:00 [INFO] New CurlingAI client connected.
2024-08-13T18:32:00+08:00 [INFO] Game disconnected: websocket: close 1000 (normal)
2024-08-13T18:32:00+08:00 [INFO] Game disconnected: websocket: close 1000 (normal)
2024-08-13T18:32:00+08:00 [INFO] Please Close CurlingAI!
2024-08-13T18:32:00+08:00 [INFO] Please Close CurlingAI!
2024-08-13T18:32:02+08:00 [INFO] 比赛平台连接成功
2024-08-13T18:32:02+08:00 [INFO] 比赛平台连接成功
2024-08-13T18:32:09+08:00 [INFO] New CurlingAI client connected.
2024-08-13T18:32:12+08:00 [INFO] New CurlingAI client connected.
2024-08-13T19:03:06+08:00 [INFO] Game disconnected: websocket: close 1000 (normal)
2024-08-13T19:03:06+08:00 [INFO] Game disconnected: websocket: close 1000 (normal)
2024-08-13T19:03:06+08:00 [INFO] Please Close CurlingAI!
2024-08-13T19:03:06+08:00 [INFO] Please Close CurlingAI!
2024-08-13T19:03:08+08:00 [INFO] 比赛平台连接成功
2024-08-13T19:03:08+08:00 [INFO] 比赛平台连接成功
2024-08-13T19:03:11+08:00 [INFO] New CurlingAI client connected.
2024-08-13T19:03:21+08:00 [INFO] New CurlingAI client connected.
2024-08-13T19:27:19+08:00 [INFO] Game disconnected: websocket: close 1000 (normal)
2024-08-13T19:27:19+08:00 [INFO] Game disconnected: websocket: close 1000 (normal)
2024-08-13T19:27:19+08:00 [INFO] Please Close CurlingAI!
2024-08-13T19:27:19+08:00 [INFO] Please Close CurlingAI!
2024-08-13T19:27:21+08:00 [INFO] 比赛平台连接成功
2024-08-13T19:27:21+08:00 [INFO] 比赛平台连接成功
2024-08-13T19:27:30+08:00 [INFO] New CurlingAI client connected.
2024-08-13T19:27:43+08:00 [INFO] New CurlingAI client connected.
2024-08-13T19:29:49+08:00 [INFO] Game disconnected: websocket: close 1000 (normal)
2024-08-13T19:29:49+08:00 [INFO] Game disconnected: websocket: close 1000 (normal)
2024-08-13T19:29:49+08:00 [INFO] Please Close CurlingAI!
2024-08-13T19:29:49+08:00 [INFO] Please Close CurlingAI!
2024-08-13T19:29:51+08:00 [INFO] 比赛平台连接成功
2024-08-13T19:29:51+08:00 [INFO] 比赛平台连接成功
2024-08-13T19:29:56+08:00 [INFO] New CurlingAI client connected.
2024-08-13T19:29:56+08:00 [INFO] New CurlingAI client connected.
2024-08-13T19:36:38+08:00 [INFO] Game disconnected: websocket: close 1000 (normal)
2024-08-13T19:36:38+08:00 [INFO] Game disconnected: websocket: close 1000 (normal)
2024-08-13T19:36:38+08:00 [INFO] Please Close CurlingAI!
2024-08-13T19:36:38+08:00 [INFO] Please Close CurlingAI!
2024-08-13T19:36:42+08:00 [INFO] 比赛平台连接成功
2024-08-13T19:36:42+08:00 [INFO] 比赛平台连接成功
2024-08-13T19:36:48+08:00 [INFO] New CurlingAI client connected.
2024-08-13T19:36:48+08:00 [INFO] New CurlingAI client connected.
2024-08-13T19:37:31+08:00 [INFO] Game disconnected: websocket: close 1000 (normal)
2024-08-13T19:37:31+08:00 [INFO] Game disconnected: websocket: close 1000 (normal)
2024-08-13T19:37:31+08:00 [INFO] Please Close CurlingAI!
2024-08-13T19:37:31+08:00 [INFO] Please Close CurlingAI!
2024-08-13T19:45:33+08:00 [INFO] 比赛平台连接成功
2024-08-13T19:45:33+08:00 [INFO] 比赛平台连接成功
2024-08-13T19:45:39+08:00 [INFO] New CurlingAI client connected.
2024-08-13T19:45:40+08:00 [INFO] New CurlingAI client connected.
2024-08-13T19:52:14+08:00 [INFO] Game disconnected: websocket: close 1000 (normal)
2024-08-13T19:52:14+08:00 [INFO] Game disconnected: websocket: close 1000 (normal)
2024-08-13T19:52:14+08:00 [INFO] Please Close CurlingAI!
2024-08-13T19:52:14+08:00 [INFO] Please Close CurlingAI!
2024-08-13T20:10:19+08:00 [INFO] 比赛平台连接成功
2024-08-13T20:10:19+08:00 [INFO] 比赛平台连接成功
2024-08-13T20:10:25+08:00 [INFO] New CurlingAI client connected.
2024-08-13T20:10:26+08:00 [INFO] New CurlingAI client connected.
2024-08-13T20:11:38+08:00 [INFO] Game disconnected: websocket: close 1000 (normal)
2024-08-13T20:11:38+08:00 [INFO] Game disconnected: websocket: close 1000 (normal)
2024-08-13T20:11:38+08:00 [INFO] Please Close CurlingAI!
2024-08-13T20:11:38+08:00 [INFO] Please Close CurlingAI!
2024-08-13T20:11:40+08:00 [INFO] 比赛平台连接成功
2024-08-13T20:11:40+08:00 [INFO] 比赛平台连接成功
2024-08-13T20:11:48+08:00 [INFO] New CurlingAI client connected.
2024-08-13T20:11:48+08:00 [INFO] New CurlingAI client connected.
2024-08-13T20:13:18+08:00 [INFO] Game disconnected: websocket: close 1000 (normal)
2024-08-13T20:13:18+08:00 [INFO] Game disconnected: websocket: close 1000 (normal)
2024-08-13T20:13:18+08:00 [INFO] Please Close CurlingAI!
2024-08-13T20:13:18+08:00 [INFO] Please Close CurlingAI!
2024-08-13T20:13:20+08:00 [INFO] 比赛平台连接成功
2024-08-13T20:13:20+08:00 [INFO] 比赛平台连接成功
2024-08-13T20:13:25+08:00 [INFO] New CurlingAI client connected.
2024-08-13T20:13:25+08:00 [INFO] New CurlingAI client connected.
2024-08-13T20:13:51+08:00 [INFO] Game disconnected: websocket: close 1000 (normal)
2024-08-13T20:13:51+08:00 [INFO] Game disconnected: websocket: close 1000 (normal)
2024-08-13T20:13:51+08:00 [INFO] Please Close CurlingAI!
2024-08-13T20:13:51+08:00 [INFO] Please Close CurlingAI!
2024-08-13T20:13:53+08:00 [INFO] 比赛平台连接成功
2024-08-13T20:13:53+08:00 [INFO] 比赛平台连接成功
2024-08-13T20:14:00+08:00 [INFO] New CurlingAI client connected.
2024-08-13T20:14:01+08:00 [INFO] New CurlingAI client connected.
2024-08-13T20:15:03+08:00 [INFO] Please Close CurlingAI!
2024-08-13T20:15:03+08:00 [INFO] Please Close CurlingAI!
] Game disconnected: websocket: close 1000 (normal)
2024-08-13T11:24:55+08:00 [INFO] Please Close CurlingAI!
2024-08-13T11:24:55+08:00 [INFO] Please Close CurlingAI!
2024-08-13T11:24:57+08:00 [INFO] 比赛平台连接成功
2024-08-13T11:24:57+08:00 [INFO] 比赛平台连接成功
2024-08-13T11:25:02+08:00 [INFO] New CurlingAI client connected.
2024-08-13T11:25:02+08:00 [INFO] New CurlingAI client connected.
2024-08-13T11:27:07+08:00 [INFO] Game disconnected: websocket: close 1000 (normal)
2024-08-13T11:27:07+08:00 [INFO] Game disconnected: websocket: close 1000 (normal)
2024-08-13T11:27:07+08:00 [INFO] Please Close CurlingAI!
2024-08-13T11:27:07+08:00 [INFO] Please Close CurlingAI!
2024-08-13T11:27:09+08:00 [INFO] 比赛平台连接成功
2024-08-13T11:27:09+08:00 [INFO] 比赛平台连接成功
2024-08-13T11:27:12+08:00 [INFO] New CurlingAI client connected.
2024-08-13T11:27:19+08:00 [INFO] New CurlingAI client connected.
2024-08-13T11:29:28+08:00 [INFO] Game disconnected: websocket: close 1000 (normal)
2024-08-13T11:29:28+08:00 [INFO] Game disconnected: websocket: close 1000 (normal)
2024-08-13T11:29:28+08:00 [INFO] Please Close CurlingAI!
2024-08-13T11:29:28+08:00 [INFO] Please Close CurlingAI!
2024-08-13T11:29:29+08:00 [INFO] 比赛平台连接成功
2024-08-13T11:29:29+08:00 [INFO] 比赛平台连接成功
2024-08-13T11:29:31+08:00 [INFO] New CurlingAI client connected.
2024-08-13T11:29:38+08:00 [INFO] New CurlingAI client connected.
2024-08-13T11:32:20+08:00 [INFO] Game disconnected: websocket: close 1000 (normal)
2024-08-13T11:32:20+08:00 [INFO] Game disconnected: websocket: close 1000 (normal)
2024-08-13T11:32:20+08:00 [INFO] Please Close CurlingAI!
2024-08-13T11:32:20+08:00 [INFO] Please Close CurlingAI!
2024-08-13T11:32:24+08:00 [INFO] 比赛平台连接成功
2024-08-13T11:32:24+08:00 [INFO] 比赛平台连接成功
2024-08-13T11:32:33+08:00 [INFO] New CurlingAI client connected.
2024-08-13T11:32:35+08:00 [INFO] New CurlingAI client connected.
2024-08-13T11:38:05+08:00 [INFO] Game disconnected: websocket: close 1000 (normal)
2024-08-13T11:38:05+08:00 [INFO] Game disconnected: websocket: close 1000 (normal)
2024-08-13T11:38:05+08:00 [INFO] Please Close CurlingAI!
2024-08-13T11:38:05+08:00 [INFO] Please Close CurlingAI!
2024-08-13T11:38:08+08:00 [INFO] 比赛平台连接成功
2024-08-13T11:38:08+08:00 [INFO] 比赛平台连接成功
2024-08-13T11:38:10+08:00 [INFO] New CurlingAI client connected.
2024-08-13T11:38:17+08:00 [INFO] New CurlingAI client connected.
2024-08-13T11:41:40+08:00 [INFO] Game disconnected: websocket: close 1000 (normal)
2024-08-13T11:41:40+08:00 [INFO] Game disconnected: websocket: close 1000 (normal)
2024-08-13T11:41:40+08:00 [INFO] Please Close CurlingAI!
2024-08-13T11:41:40+08:00 [INFO] Please Close CurlingAI!
2024-08-13T11:41:42+08:00 [INFO] 比赛平台连接成功
2024-08-13T11:41:42+08:00 [INFO] 比赛平台连接成功
2024-08-13T11:50:03+08:00 [INFO] New CurlingAI client connected.
2024-08-13T11:50:12+08:00 [INFO] New CurlingAI client connected.
2024-08-13T12:00:33+08:00 [INFO] Please Close CurlingAI!
2024-08-13T12:00:33+08:00 [INFO] Please Close CurlingAI!
8:00 [INFO] Please Close CurlingAI!
2024-07-27T23:07:02+08:00 [INFO] 比赛平台连接成功
2024-07-27T23:07:02+08:00 [INFO] 比赛平台连接成功
2024-07-27T23:07:08+08:00 [INFO] New CurlingAI client connected.
2024-07-27T23:07:08+08:00 [INFO] New CurlingAI client connected.
2024-07-27T23:08:55+08:00 [INFO] Game disconnected: websocket: close 1000 (normal)
2024-07-27T23:08:55+08:00 [INFO] Game disconnected: websocket: close 1000 (normal)
2024-07-27T23:08:55+08:00 [INFO] Please Close CurlingAI!
2024-07-27T23:08:55+08:00 [INFO] Please Close CurlingAI!
2024-07-27T23:08:57+08:00 [INFO] 比赛平台连接成功
2024-07-27T23:08:57+08:00 [INFO] 比赛平台连接成功
2024-07-27T23:09:06+08:00 [INFO] New CurlingAI client connected.
2024-07-27T23:09:12+08:00 [INFO] New CurlingAI client connected.
2024-07-27T23:11:14+08:00 [INFO] Game disconnected: websocket: close 1000 (normal)
2024-07-27T23:11:14+08:00 [INFO] Game disconnected: websocket: close 1000 (normal)
2024-07-27T23:11:14+08:00 [INFO] Please Close CurlingAI!
2024-07-27T23:11:14+08:00 [INFO] Please Close CurlingAI!
2024-07-27T23:11:16+08:00 [INFO] 比赛平台连接成功
2024-07-27T23:11:16+08:00 [INFO] 比赛平台连接成功
2024-07-27T23:11:25+08:00 [INFO] New CurlingAI client connected.
2024-07-27T23:11:29+08:00 [INFO] New CurlingAI client connected.
2024-07-27T23:13:56+08:00 [INFO] Game disconnected: websocket: close 1000 (normal)
2024-07-27T23:13:56+08:00 [INFO] Game disconnected: websocket: close 1000 (normal)
2024-07-27T23:13:56+08:00 [INFO] Please Close CurlingAI!
2024-07-27T23:13:56+08:00 [INFO] Please Close CurlingAI!
2024-07-27T23:13:57+08:00 [INFO] 比赛平台连接成功
2024-07-27T23:13:57+08:00 [INFO] 比赛平台连接成功
2024-07-27T23:13:59+08:00 [INFO] New CurlingAI client connected.
2024-07-27T23:14:09+08:00 [INFO] New CurlingAI client connected.
2024-07-27T23:16:39+08:00 [INFO] Please Close CurlingAI!
2024-07-27T23:16:39+08:00 [INFO] Please Close CurlingAI!
lease Close CurlingAI!
2024-07-27T16:34:34+08:00 [INFO] 比赛平台连接成功
2024-07-27T16:34:34+08:00 [INFO] 比赛平台连接成功
2024-07-27T16:34:38+08:00 [INFO] New CurlingAI client connected.
2024-07-27T16:34:43+08:00 [INFO] New CurlingAI client connected.
2024-07-27T16:35:48+08:00 [INFO] Game disconnected: websocket: close 1000 (normal)
2024-07-27T16:35:48+08:00 [INFO] Game disconnected: websocket: close 1000 (normal)
2024-07-27T16:35:48+08:00 [INFO] Please Close CurlingAI!
2024-07-27T16:35:48+08:00 [INFO] Please Close CurlingAI!
-26T17:38:35+08:00 [INFO] 比赛平台连接成功
2024-07-26T17:38:37+08:00 [INFO] New CurlingAI client connected.
2024-07-26T17:38:53+08:00 [INFO] New CurlingAI client connected.
2024-07-26T17:39:31+08:00 [INFO] Game disconnected: websocket: close 1000 (normal)
2024-07-26T17:39:31+08:00 [INFO] Game disconnected: websocket: close 1000 (normal)
2024-07-26T17:39:31+08:00 [INFO] Please Close CurlingAI!
2024-07-26T17:39:31+08:00 [INFO] Please Close CurlingAI!
2024-07-26T17:43:28+08:00 [INFO] 比赛平台连接成功
2024-07-26T17:43:28+08:00 [INFO] 比赛平台连接成功
2024-07-26T17:43:34+08:00 [INFO] New CurlingAI client connected.
2024-07-26T17:43:35+08:00 [INFO] New CurlingAI client connected.
2024-07-26T17:43:53+08:00 [INFO] Game disconnected: websocket: close 1000 (normal)
2024-07-26T17:43:53+08:00 [INFO] Game disconnected: websocket: close 1000 (normal)
2024-07-26T17:43:53+08:00 [INFO] Please Close CurlingAI!
2024-07-26T17:43:53+08:00 [INFO] Please Close CurlingAI!
2024-07-26T17:48:36+08:00 [INFO] 比赛平台连接成功
2024-07-26T17:48:36+08:00 [INFO] 比赛平台连接成功
2024-07-26T17:48:42+08:00 [INFO] New CurlingAI client connected.
2024-07-26T17:48:45+08:00 [INFO] New CurlingAI client connected.
2024-07-26T17:53:45+08:00 [INFO] Game disconnected: websocket: close 1000 (normal)
2024-07-26T17:53:45+08:00 [INFO] Game disconnected: websocket: close 1000 (normal)
2024-07-26T17:53:45+08:00 [INFO] Please Close CurlingAI!
2024-07-26T17:53:45+08:00 [INFO] Please Close CurlingAI!
2024-07-26T17:53:47+08:00 [INFO] 比赛平台连接成功
2024-07-26T17:53:47+08:00 [INFO] 比赛平台连接成功
2024-07-26T17:53:52+08:00 [INFO] New CurlingAI client connected.
2024-07-26T17:53:53+08:00 [INFO] New CurlingAI client connected.
2024-07-26T17:59:31+08:00 [INFO] Game disconnected: websocket: close 1000 (normal)
2024-07-26T17:59:31+08:00 [INFO] Game disconnected: websocket: close 1000 (normal)
2024-07-26T17:59:31+08:00 [INFO] Please Close CurlingAI!
2024-07-26T17:59:31+08:00 [INFO] Please Close CurlingAI!
2024-07-26T17:59:33+08:00 [INFO] 比赛平台连接成功
2024-07-26T17:59:33+08:00 [INFO] 比赛平台连接成功
2024-07-26T17:59:38+08:00 [INFO] New CurlingAI client connected.
2024-07-26T17:59:39+08:00 [INFO] New CurlingAI client connected.
2024-07-26T18:05:33+08:00 [INFO] Game disconnected: websocket: close 1000 (normal)
2024-07-26T18:05:33+08:00 [INFO] Game disconnected: websocket: close 1000 (normal)
2024-07-26T18:05:33+08:00 [INFO] Please Close CurlingAI!
2024-07-26T18:05:33+08:00 [INFO] Please Close CurlingAI!
2024-07-26T18:05:34+08:00 [INFO] 比赛平台连接成功
2024-07-26T18:05:34+08:00 [INFO] 比赛平台连接成功
2024-07-26T18:05:40+08:00 [INFO] New CurlingAI client connected.
2024-07-26T18:05:41+08:00 [INFO] New CurlingAI client connected.
2024-07-26T18:11:06+08:00 [INFO] Game disconnected: websocket: close 1000 (normal)
2024-07-26T18:11:06+08:00 [INFO] Game disconnected: websocket: close 1000 (normal)
2024-07-26T18:11:06+08:00 [INFO] Please Close CurlingAI!
2024-07-26T18:11:06+08:00 [INFO] Please Close CurlingAI!
2024-07-26T18:11:08+08:00 [INFO] 比赛平台连接成功
2024-07-26T18:11:08+08:00 [INFO] 比赛平台连接成功
2024-07-26T18:11:15+08:00 [INFO] New CurlingAI client connected.
2024-07-26T18:11:18+08:00 [INFO] New CurlingAI client connected.
2024-07-26T18:14:31+08:00 [INFO] Game disconnected: websocket: close 1000 (normal)
2024-07-26T18:14:31+08:00 [INFO] Game disconnected: websocket: close 1000 (normal)
2024-07-26T18:14:31+08:00 [INFO] Please Close CurlingAI!
2024-07-26T18:14:31+08:00 [INFO] Please Close CurlingAI!
2024-07-26T22:36:31+08:00 [INFO] 比赛平台连接成功
2024-07-26T22:36:31+08:00 [INFO] 比赛平台连接成功
2024-07-26T22:36:40+08:00 [INFO] New CurlingAI client connected.
2024-07-26T22:36:57+08:00 [INFO] New CurlingAI client connected.
2024-07-26T22:39:43+08:00 [INFO] Game disconnected: websocket: close 1000 (normal)
2024-07-26T22:39:43+08:00 [INFO] Game disconnected: websocket: close 1000 (normal)
2024-07-26T22:39:43+08:00 [INFO] Please Close CurlingAI!
2024-07-26T22:39:43+08:00 [INFO] Please Close CurlingAI!
2024-07-26T22:44:27+08:00 [INFO] 比赛平台连接成功
2024-07-26T22:44:27+08:00 [INFO] 比赛平台连接成功
2024-07-26T22:44:34+08:00 [INFO] New CurlingAI client connected.
2024-07-26T22:44:38+08:00 [INFO] New CurlingAI client connected.
2024-07-26T23:37:19+08:00 [INFO] Game disconnected: websocket: close 1000 (normal)
2024-07-26T23:37:19+08:00 [INFO] Game disconnected: websocket: close 1000 (normal)
2024-07-26T23:37:19+08:00 [INFO] Please Close CurlingAI!
2024-07-26T23:37:19+08:00 [INFO] Please Close CurlingAI!
2024-07-26T23:37:21+08:00 [INFO] 比赛平台连接成功
2024-07-26T23:37:21+08:00 [INFO] 比赛平台连接成功
2024-07-26T23:37:28+08:00 [INFO] New CurlingAI client connected.
2024-07-26T23:37:28+08:00 [INFO] New CurlingAI client connected.
2024-07-26T23:39:20+08:00 [INFO] Game disconnected: websocket: close 1000 (normal)
2024-07-26T23:39:20+08:00 [INFO] Game disconnected: websocket: close 1000 (normal)
2024-07-26T23:39:20+08:00 [INFO] Please Close CurlingAI!
2024-07-26T23:39:20+08:00 [INFO] Please Close CurlingAI!
2024-07-26T23:39:22+08:00 [INFO] 比赛平台连接成功
2024-07-26T23:39:22+08:00 [INFO] 比赛平台连接成功
2024-07-26T23:39:29+08:00 [INFO] New CurlingAI client connected.
2024-07-26T23:39:29+08:00 [INFO] New CurlingAI client connected.
2024-07-26T23:41:52+08:00 [INFO] Game disconnected: websocket: close 1000 (normal)
2024-07-26T23:41:52+08:00 [INFO] Game disconnected: websocket: close 1000 (normal)
2024-07-26T23:41:52+08:00 [INFO] Please Close CurlingAI!
2024-07-26T23:41:52+08:00 [INFO] Please Close CurlingAI!
2024-07-27T00:02:06+08:00 [INFO] 比赛平台连接成功
2024-07-27T00:02:06+08:00 [INFO] 比赛平台连接成功
2024-07-27T00:02:18+08:00 [INFO] New CurlingAI client connected.
2024-07-27T00:02:21+08:00 [INFO] New CurlingAI client connected.
2024-07-27T00:04:49+08:00 [INFO] Game disconnected: websocket: close 1000 (normal)
2024-07-27T00:04:49+08:00 [INFO] Game disconnected: websocket: close 1000 (normal)
2024-07-27T00:04:49+08:00 [INFO] Please Close CurlingAI!
2024-07-27T00:04:49+08:00 [INFO] Please Close CurlingAI!
2024-07-27T00:04:50+08:00 [INFO] 比赛平台连接成功
2024-07-27T00:04:50+08:00 [INFO] 比赛平台连接成功
2024-07-27T00:04:56+08:00 [INFO] New CurlingAI client connected.
2024-07-27T00:05:00+08:00 [INFO] New CurlingAI client connected.
2024-07-27T00:06:50+08:00 [INFO] Game disconnected: websocket: close 1000 (normal)
2024-07-27T00:06:50+08:00 [INFO] Game disconnected: websocket: close 1000 (normal)
2024-07-27T00:06:50+08:00 [INFO] Please Close CurlingAI!
2024-07-27T00:06:50+08:00 [INFO] Please Close CurlingAI!
2024-07-27T00:06:52+08:00 [INFO] 比赛平台连接成功
2024-07-27T00:06:52+08:00 [INFO] 比赛平台连接成功
2024-07-27T00:06:57+08:00 [INFO] New CurlingAI client connected.
2024-07-27T00:06:57+08:00 [INFO] New CurlingAI client connected.
2024-07-27T00:31:55+08:00 [INFO] Game disconnected: websocket: close 1000 (normal)
2024-07-27T00:31:55+08:00 [INFO] Game disconnected: websocket: close 1000 (normal)
2024-07-27T00:31:55+08:00 [INFO] Please Close CurlingAI!
2024-07-27T00:31:55+08:00 [INFO] Please Close CurlingAI!
2024-07-27T00:31:57+08:00 [INFO] 比赛平台连接成功
2024-07-27T00:31:57+08:00 [INFO] 比赛平台连接成功
2024-07-27T00:32:03+08:00 [INFO] New CurlingAI client connected.
2024-07-27T00:32:03+08:00 [INFO] New CurlingAI client connected.
2024-07-27T00:33:39+08:00 [INFO] Game disconnected: websocket: close 1000 (normal)
2024-07-27T00:33:39+08:00 [INFO] Game disconnected: websocket: close 1000 (normal)
2024-07-27T00:33:39+08:00 [INFO] Please Close CurlingAI!
2024-07-27T00:33:39+08:00 [INFO] Please Close CurlingAI!
2024-07-27T00:33:41+08:00 [INFO] 比赛平台连接成功
2024-07-27T00:33:41+08:00 [INFO] 比赛平台连接成功
2024-07-27T00:33:43+08:00 [INFO] New CurlingAI client connected.
2024-07-27T00:33:53+08:00 [INFO] New CurlingAI client connected.
2024-07-27T00:36:12+08:00 [INFO] Game disconnected: websocket: close 1000 (normal)
2024-07-27T00:36:12+08:00 [INFO] Game disconnected: websocket: close 1000 (normal)
2024-07-27T00:36:12+08:00 [INFO] Please Close CurlingAI!
2024-07-27T00:36:12+08:00 [INFO] Please Close CurlingAI!
2024-07-27T00:39:53+08:00 [INFO] 比赛平台连接成功
2024-07-27T00:39:53+08:00 [INFO] 比赛平台连接成功
2024-07-27T00:39:57+08:00 [INFO] New CurlingAI client connected.
2024-07-27T00:40:04+08:00 [INFO] New CurlingAI client connected.
2024-07-27T00:42:17+08:00 [INFO] Game disconnected: websocket: close 1000 (normal)
2024-07-27T00:42:17+08:00 [INFO] Game disconnected: websocket: close 1000 (normal)
2024-07-27T00:42:17+08:00 [INFO] Please Close CurlingAI!
2024-07-27T00:42:17+08:00 [INFO] Please Close CurlingAI!
2024-07-27T00:43:43+08:00 [INFO] 比赛平台连接成功
2024-07-27T00:43:43+08:00 [INFO] 比赛平台连接成功
2024-07-27T00:45:49+08:00 [INFO] New CurlingAI client connected.
2024-07-27T00:45:57+08:00 [INFO] New CurlingAI client connected.
2024-07-27T01:20:30+08:00 [INFO] Game disconnected: websocket: close 1000 (normal)
2024-07-27T01:20:30+08:00 [INFO] Game disconnected: websocket: close 1000 (normal)
2024-07-27T01:20:30+08:00 [INFO] Please Close CurlingAI!
2024-07-27T01:20:30+08:00 [INFO] Please Close CurlingAI!
2024-07-27T01:21:55+08:00 [INFO] 比赛平台连接成功
2024-07-27T01:21:55+08:00 [INFO] 比赛平台连接成功
2024-07-27T01:22:03+08:00 [INFO] New CurlingAI client connected.
2024-07-27T01:22:03+08:00 [INFO] New CurlingAI client connected.
2024-07-27T01:30:00+08:00 [INFO] Game disconnected: websocket: close 1000 (normal)
2024-07-27T01:30:00+08:00 [INFO] Game disconnected: websocket: close 1000 (normal)
2024-07-27T01:30:00+08:00 [INFO] Please Close CurlingAI!
2024-07-27T01:30:00+08:00 [INFO] Please Close CurlingAI!
2024-07-27T01:30:01+08:00 [INFO] 比赛平台连接成功
2024-07-27T01:30:01+08:00 [INFO] 比赛平台连接成功
2024-07-27T01:30:07+08:00 [INFO] New CurlingAI client connected.
2024-07-27T01:30:07+08:00 [INFO] New CurlingAI client connected.
2024-07-27T01:31:44+08:00 [INFO] Game disconnected: websocket: close 1000 (normal)
2024-07-27T01:31:44+08:00 [INFO] Game disconnected: websocket: close 1000 (normal)
2024-07-27T01:31:44+08:00 [INFO] Please Close CurlingAI!
2024-07-27T01:31:44+08:00 [INFO] Please Close CurlingAI!
2024-07-27T01:31:45+08:00 [INFO] 比赛平台连接成功
2024-07-27T01:31:45+08:00 [INFO] 比赛平台连接成功
2024-07-27T01:31:50+08:00 [INFO] New CurlingAI client connected.
2024-07-27T01:31:54+08:00 [INFO] New CurlingAI client connected.
2024-07-27T01:40:15+08:00 [INFO] Game disconnected: websocket: close 1000 (normal)
2024-07-27T01:40:15+08:00 [INFO] Game disconnected: websocket: close 1000 (normal)
2024-07-27T01:40:15+08:00 [INFO] Please Close CurlingAI!
2024-07-27T01:40:15+08:00 [INFO] Please Close CurlingAI!
2024-07-27T01:40:17+08:00 [INFO] 比赛平台连接成功
2024-07-27T01:40:17+08:00 [INFO] 比赛平台连接成功
2024-07-27T01:40:22+08:00 [INFO] New CurlingAI client connected.
2024-07-27T01:40:22+08:00 [INFO] New CurlingAI client connected.
2024-07-27T01:47:18+08:00 [INFO] Game disconnected: websocket: close 1000 (normal)
2024-07-27T01:47:18+08:00 [INFO] Game disconnected: websocket: close 1000 (normal)
2024-07-27T01:47:18+08:00 [INFO] Please Close CurlingAI!
2024-07-27T01:47:18+08:00 [INFO] Please Close CurlingAI!
2024-07-27T01:47:20+08:00 [INFO] 比赛平台连接成功
2024-07-27T01:47:20+08:00 [INFO] 比赛平台连接成功
2024-07-27T01:48:15+08:00 [INFO] New CurlingAI client connected.
2024-07-27T01:48:16+08:00 [INFO] New CurlingAI client connected.
2024-07-27T01:52:04+08:00 [INFO] Game disconnected: websocket: close 1000 (normal)
2024-07-27T01:52:04+08:00 [INFO] Game disconnected: websocket: close 1000 (normal)
2024-07-27T01:52:04+08:00 [INFO] Please Close CurlingAI!
2024-07-27T01:52:04+08:00 [INFO] Please Close CurlingAI!
2024-07-27T01:52:06+08:00 [INFO] 比赛平台连接成功
2024-07-27T01:52:06+08:00 [INFO] 比赛平台连接成功
2024-07-27T01:52:11+08:00 [INFO] New CurlingAI client connected.
2024-07-27T01:52:11+08:00 [INFO] New CurlingAI client connected.
2024-07-27T01:58:10+08:00 [INFO] Game disconnected: websocket: close 1000 (normal)
2024-07-27T01:58:10+08:00 [INFO] Game disconnected: websocket: close 1000 (normal)
2024-07-27T01:58:10+08:00 [INFO] Please Close CurlingAI!
2024-07-27T01:58:10+08:00 [INFO] Please Close CurlingAI!
2024-07-27T01:58:11+08:00 [INFO] 比赛平台连接成功
2024-07-27T01:58:11+08:00 [INFO] 比赛平台连接成功
2024-07-27T01:58:16+08:00 [INFO] New CurlingAI client connected.
2024-07-27T01:58:41+08:00 [INFO] Game disconnected: websocket: close 1000 (normal)
2024-07-27T01:58:41+08:00 [INFO] Game disconnected: websocket: close 1000 (normal)
2024-07-27T01:58:41+08:00 [INFO] Please Close CurlingAI!
2024-07-27T01:58:41+08:00 [INFO] Please Close CurlingAI!
2024-07-27T01:58:43+08:00 [INFO] 比赛平台连接成功
2024-07-27T01:58:43+08:00 [INFO] 比赛平台连接成功
2024-07-27T01:58:48+08:00 [INFO] New CurlingAI client connected.
2024-07-27T01:58:49+08:00 [INFO] New CurlingAI client connected.
2024-07-27T02:01:10+08:00 [INFO] Game disconnected: websocket: close 1000 (normal)
2024-07-27T02:01:10+08:00 [INFO] Game disconnected: websocket: close 1000 (normal)
2024-07-27T02:01:10+08:00 [INFO] Please Close CurlingAI!
2024-07-27T02:01:10+08:00 [INFO] Please Close CurlingAI!
2024-07-27T02:01:46+08:00 [INFO] 比赛平台连接成功
2024-07-27T02:01:46+08:00 [INFO] 比赛平台连接成功
2024-07-27T02:01:51+08:00 [INFO] New CurlingAI client connected.
2024-07-27T02:01:51+08:00 [INFO] New CurlingAI client connected.
2024-07-27T02:08:47+08:00 [INFO] Game disconnected: websocket: close 1000 (normal)
2024-07-27T02:08:47+08:00 [INFO] Game disconnected: websocket: close 1000 (normal)
2024-07-27T02:08:47+08:00 [INFO] Please Close CurlingAI!
2024-07-27T02:08:47+08:00 [INFO] Please Close CurlingAI!
2024-07-27T02:08:48+08:00 [INFO] 比赛平台连接成功
2024-07-27T02:08:48+08:00 [INFO] 比赛平台连接成功
2024-07-27T02:08:54+08:00 [INFO] New CurlingAI client connected.
2024-07-27T02:08:55+08:00 [INFO] New CurlingAI client connected.
2024-07-27T02:11:25+08:00 [INFO] Game disconnected: websocket: close 1000 (normal)
2024-07-27T02:11:25+08:00 [INFO] Game disconnected: websocket: close 1000 (normal)
2024-07-27T02:11:25+08:00 [INFO] Please Close CurlingAI!
2024-07-27T02:11:25+08:00 [INFO] Please Close CurlingAI!
2024-07-27T02:11:27+08:00 [INFO] 比赛平台连接成功
2024-07-27T02:11:27+08:00 [INFO] 比赛平台连接成功
2024-07-27T02:11:31+08:00 [INFO] New CurlingAI client connected.
2024-07-27T02:11:38+08:00 [INFO] New CurlingAI client connected.
2024-07-27T02:14:33+08:00 [INFO] Game disconnected: websocket: close 1000 (normal)
2024-07-27T02:14:33+08:00 [INFO] Game disconnected: websocket: close 1000 (normal)
2024-07-27T02:14:33+08:00 [INFO] Please Close CurlingAI!
2024-07-27T02:14:33+08:00 [INFO] Please Close CurlingAI!
2024-07-27T02:14:35+08:00 [INFO] 比赛平台连接成功
2024-07-27T02:14:35+08:00 [INFO] 比赛平台连接成功
2024-07-27T02:14:41+08:00 [INFO] New CurlingAI client connected.
2024-07-27T02:14:41+08:00 [INFO] New CurlingAI client connected.
2024-07-27T02:32:28+08:00 [INFO] Game disconnected: websocket: close 1000 (normal)
2024-07-27T02:32:28+08:00 [INFO] Game disconnected: websocket: close 1000 (normal)
2024-07-27T02:32:28+08:00 [INFO] Please Close CurlingAI!
2024-07-27T02:32:28+08:00 [INFO] Please Close CurlingAI!
2024-07-27T02:32:31+08:00 [INFO] 比赛平台连接成功
2024-07-27T02:32:31+08:00 [INFO] 比赛平台连接成功
2024-07-27T02:32:38+08:00 [INFO] New CurlingAI client connected.
2024-07-27T02:32:38+08:00 [INFO] New CurlingAI client connected.
2024-07-27T02:33:33+08:00 [INFO] Game disconnected: websocket: close 1000 (normal)
2024-07-27T02:33:33+08:00 [INFO] Game disconnected: websocket: close 1000 (normal)
2024-07-27T02:33:33+08:00 [INFO] Please Close CurlingAI!
2024-07-27T02:33:33+08:00 [INFO] Please Close CurlingAI!
2024-07-27T02:33:52+08:00 [INFO] 比赛平台连接成功
2024-07-27T02:33:53+08:00 [INFO] 比赛平台连接成功
2024-07-27T02:33:54+08:00 [INFO] Game disconnected: websocket: close 1000 (normal)
2024-07-27T02:33:54+08:00 [INFO] Game disconnected: websocket: close 1000 (normal)
2024-07-27T02:33:54+08:00 [INFO] Please Close CurlingAI!
2024-07-27T02:33:54+08:00 [INFO] Please Close CurlingAI!
2024-07-27T02:33:56+08:00 [INFO] 比赛平台连接成功
2024-07-27T02:33:56+08:00 [INFO] 比赛平台连接成功
2024-07-27T02:34:02+08:00 [INFO] New CurlingAI client connected.
2024-07-27T02:34:03+08:00 [INFO] New CurlingAI client connected.
2024-07-27T02:35:49+08:00 [INFO] Game disconnected: websocket: close 1000 (normal)
2024-07-27T02:35:49+08:00 [INFO] Game disconnected: websocket: close 1000 (normal)
2024-07-27T02:35:49+08:00 [INFO] Please Close CurlingAI!
2024-07-27T02:35:49+08:00 [INFO] Please Close CurlingAI!
2024-07-27T02:36:25+08:00 [INFO] 比赛平台连接成功
2024-07-27T02:36:25+08:00 [INFO] 比赛平台连接成功
2024-07-27T02:36:35+08:00 [INFO] New CurlingAI client connected.
2024-07-27T02:36:35+08:00 [INFO] New CurlingAI client connected.
2024-07-27T02:38:13+08:00 [INFO] Game disconnected: websocket: close 1000 (normal)
2024-07-27T02:38:13+08:00 [INFO] Game disconnected: websocket: close 1000 (normal)
2024-07-27T02:38:13+08:00 [INFO] Please Close CurlingAI!
2024-07-27T02:38:13+08:00 [INFO] Please Close CurlingAI!
2024-07-27T02:39:51+08:00 [INFO] 比赛平台连接成功
2024-07-27T02:39:51+08:00 [INFO] 比赛平台连接成功
2024-07-27T02:39:57+08:00 [INFO] New CurlingAI client connected.
2024-07-27T02:39:57+08:00 [INFO] New CurlingAI client connected.
2024-07-27T02:51:23+08:00 [INFO] Game disconnected: websocket: close 1000 (normal)
2024-07-27T02:51:23+08:00 [INFO] Game disconnected: websocket: close 1000 (normal)
2024-07-27T02:51:23+08:00 [INFO] Please Close CurlingAI!
2024-07-27T02:51:23+08:00 [INFO] Please Close CurlingAI!
2024-07-27T02:51:25+08:00 [INFO] 比赛平台连接成功
2024-07-27T02:51:25+08:00 [INFO] 比赛平台连接成功
2024-07-27T02:51:31+08:00 [INFO] New CurlingAI client connected.
2024-07-27T02:51:32+08:00 [INFO] New CurlingAI client connected.
2024-07-27T02:53:32+08:00 [INFO] Game disconnected: websocket: close 1000 (normal)
2024-07-27T02:53:32+08:00 [INFO] Game disconnected: websocket: close 1000 (normal)
2024-07-27T02:53:32+08:00 [INFO] Please Close CurlingAI!
2024-07-27T02:53:32+08:00 [INFO] Please Close CurlingAI!
2024-07-27T02:53:34+08:00 [INFO] 比赛平台连接成功
2024-07-27T02:53:34+08:00 [INFO] 比赛平台连接成功
2024-07-27T02:53:39+08:00 [INFO] New CurlingAI client connected.
2024-07-27T02:53:40+08:00 [INFO] New CurlingAI client connected.
2024-07-27T02:55:18+08:00 [INFO] Game disconnected: websocket: close 1000 (normal)
2024-07-27T02:55:18+08:00 [INFO] Game disconnected: websocket: close 1000 (normal)
2024-07-27T02:55:18+08:00 [INFO] Please Close CurlingAI!
2024-07-27T02:55:18+08:00 [INFO] Please Close CurlingAI!
2024-07-27T02:55:57+08:00 [INFO] 比赛平台连接成功
2024-07-27T02:55:57+08:00 [INFO] 比赛平台连接成功
2024-07-27T02:56:02+08:00 [INFO] New CurlingAI client connected.
2024-07-27T02:56:03+08:00 [INFO] New CurlingAI client connected.
2024-07-27T02:58:06+08:00 [INFO] Game disconnected: websocket: close 1000 (normal)
2024-07-27T02:58:06+08:00 [INFO] Game disconnected: websocket: close 1000 (normal)
2024-07-27T02:58:06+08:00 [INFO] Please Close CurlingAI!
2024-07-27T02:58:06+08:00 [INFO] Please Close CurlingAI!
